<?xml version="1.0" encoding="UTF-8"?>
<!-- Generated by org.testng.reporters.JUnitXMLReporter -->
<testsuite hostname="Lenovo-PC" ignored="0" name="Test" tests="3" failures="0" timestamp="2022-04-05T10:02:50 IST" time="104.489" errors="0">
  <testcase name="credentials" time="2.708" classname="TestCases.VerifyLogin"/>
  <testcase name="credentials" time="1.144" classname="TestCases.VerifyLogin"/>
  <testcase name="signupdetails" time="55.517" classname="TestCases.SignupPage"/>
</testsuite> <!-- Test -->
