<?xml version="1.0" encoding="UTF-8"?>
<testng-results ignored="0" total="1" passed="1" failed="0" skipped="0">
  <reporter-output>
  </reporter-output>
  <suite started-at="2022-04-05T10:00:02 IST" name="Default suite" finished-at="2022-04-05T10:00:48 IST" duration-ms="45959">
    <groups>
    </groups>
    <test started-at="2022-04-05T10:00:02 IST" name="Default test" finished-at="2022-04-05T10:00:48 IST" duration-ms="45959">
      <class name="TestCases.SignupPage">
        <test-method is-config="true" signature="urllaunch()[pri:0, instance:TestCases.SignupPage@1a18644]" started-at="2022-04-05T10:00:02 IST" name="urllaunch" finished-at="2022-04-05T10:00:14 IST" duration-ms="12765" status="PASS">
          <reporter-output>
          </reporter-output>
        </test-method> <!-- urllaunch -->
        <test-method signature="signupdetails()[pri:0, instance:TestCases.SignupPage@1a18644]" started-at="2022-04-05T10:00:14 IST" name="signupdetails" finished-at="2022-04-05T10:00:47 IST" duration-ms="33041" status="PASS">
          <reporter-output>
          </reporter-output>
        </test-method> <!-- signupdetails -->
      </class> <!-- TestCases.SignupPage -->
    </test> <!-- Default test -->
  </suite> <!-- Default suite -->
</testng-results>
