<?xml version="1.0" encoding="UTF-8"?>
<testng-results skipped="0" failed="0" ignored="0" total="3" passed="3">
  <reporter-output>
  </reporter-output>
  <suite name="Suite" duration-ms="104489" started-at="2022-04-05T10:01:06 IST" finished-at="2022-04-05T10:02:50 IST">
    <groups>
    </groups>
    <test name="Test" duration-ms="104489" started-at="2022-04-05T10:01:06 IST" finished-at="2022-04-05T10:02:50 IST">
      <class name="TestCases.VerifyLogin">
        <test-method status="PASS" signature="urllaunch()[pri:0, instance:TestCases.VerifyLogin@fad74ee]" name="urllaunch" is-config="true" duration-ms="21423" started-at="2022-04-05T10:01:06 IST" finished-at="2022-04-05T10:01:27 IST">
          <reporter-output>
          </reporter-output>
        </test-method> <!-- urllaunch -->
        <test-method status="PASS" signature="credentials(java.lang.String,java.lang.String)[pri:0, instance:TestCases.VerifyLogin@fad74ee]" name="credentials" duration-ms="2708" started-at="2022-04-05T10:01:27 IST" data-provider="demo" finished-at="2022-04-05T10:01:30 IST">
          <params>
            <param index="0">
              <value>
                <![CDATA[Abhishek.salesforce]]>
              </value>
            </param>
            <param index="1">
              <value>
                <![CDATA[Test123]]>
              </value>
            </param>
          </params>
          <reporter-output>
          </reporter-output>
        </test-method> <!-- credentials -->
        <test-method status="PASS" signature="urllaunch()[pri:0, instance:TestCases.VerifyLogin@fad74ee]" name="urllaunch" is-config="true" duration-ms="11368" started-at="2022-04-05T10:01:30 IST" finished-at="2022-04-05T10:01:41 IST">
          <reporter-output>
          </reporter-output>
        </test-method> <!-- urllaunch -->
        <test-method status="PASS" signature="credentials(java.lang.String,java.lang.String)[pri:0, instance:TestCases.VerifyLogin@fad74ee]" name="credentials" duration-ms="1144" started-at="2022-04-05T10:01:41 IST" data-provider="demo" finished-at="2022-04-05T10:01:43 IST">
          <params>
            <param index="0">
              <value>
                <![CDATA[Abhi.salesforce]]>
              </value>
            </param>
            <param index="1">
              <value>
                <![CDATA[Test]]>
              </value>
            </param>
          </params>
          <reporter-output>
          </reporter-output>
        </test-method> <!-- credentials -->
      </class> <!-- TestCases.VerifyLogin -->
      <class name="TestCases.SignupPage">
        <test-method status="PASS" signature="urllaunch()[pri:0, instance:TestCases.SignupPage@a38d7a3]" name="urllaunch" is-config="true" duration-ms="12007" started-at="2022-04-05T10:01:43 IST" finished-at="2022-04-05T10:01:55 IST">
          <reporter-output>
          </reporter-output>
        </test-method> <!-- urllaunch -->
        <test-method status="PASS" signature="signupdetails()[pri:0, instance:TestCases.SignupPage@a38d7a3]" name="signupdetails" duration-ms="55517" started-at="2022-04-05T10:01:55 IST" finished-at="2022-04-05T10:02:50 IST">
          <reporter-output>
          </reporter-output>
        </test-method> <!-- signupdetails -->
      </class> <!-- TestCases.SignupPage -->
    </test> <!-- Test -->
  </suite> <!-- Suite -->
</testng-results>
